
> frontend@0.1.0 lint
> eslint


C:\Coding\Itinerary\frontend\prisma\seed.ts
  384:32  error  Unexpected any. Specify a different type  @typescript-eslint/no-explicit-any

C:\Coding\Itinerary\frontend\src\app\api\itineraries\[id]\route.ts
   48:62  error  Unexpected any. Specify a different type  @typescript-eslint/no-explicit-any
  125:47  error  Unexpected any. Specify a different type  @typescript-eslint/no-explicit-any
  146:50  error  Unexpected any. Specify a different type  @typescript-eslint/no-explicit-any
  171:66  error  Unexpected any. Specify a different type  @typescript-eslint/no-explicit-any
  217:69  error  Unexpected any. Specify a different type  @typescript-eslint/no-explicit-any

C:\Coding\Itinerary\frontend\src\app\api\itineraries\route.ts
  21:56  error    Unexpected any. Specify a different type           @typescript-eslint/no-explicit-any
  51:13  warning  'displayPrice' is assigned a value but never used  @typescript-eslint/no-unused-vars
  65:46  error    Unexpected any. Specify a different type           @typescript-eslint/no-explicit-any
  79:49  error    Unexpected any. Specify a different type           @typescript-eslint/no-explicit-any
  90:54  error    Unexpected any. Specify a different type           @typescript-eslint/no-explicit-any
  93:63  error    Unexpected any. Specify a different type           @typescript-eslint/no-explicit-any

C:\Coding\Itinerary\frontend\src\app\dashboard\edit\[id]\page.tsx
   3:31  warning  'use' is defined but never used                                                                                                                                                                                                                                                                                                                                                                                                                                                                                                                                                                                                                                                                                                                                                                                                                                                                                                                                                                                                                                                                                   @typescript-eslint/no-unused-vars
   9:48  error    Unexpected any. Specify a different type                                                                                                                                                                                                                                                                                                                                                                                                                                                                                                                                                                                                                                                                                                                                                                                                                                                                                                                                                                                                                                                                          @typescript-eslint/no-explicit-any
  21:17  error    Error: Calling setState synchronously within an effect can trigger cascading renders

Effects are intended to synchronize state between React and external systems such as manually updating the DOM, state management libraries, or other platform APIs. In general, the body of an effect should do one or both of the following:
* Update external systems with the latest state from React.
* Subscribe for updates from some external system, calling setState in a callback function when external state changes.

Calling setState synchronously within an effect body causes cascading renders that can hurt performance, and is not recommended. (https://react.dev/learn/you-might-not-need-an-effect).

C:\Coding\Itinerary\frontend\src\app\dashboard\edit\[id]\page.tsx:21:17
  19 |             const found = getItinerary(parseInt(id));
  20 |             if (found) {
> 21 |                 setItinerary(found);
     |                 ^^^^^^^^^^^^ Avoid calling setState() directly within an effect
  22 |             }
  23 |         }
  24 |     }, [id, itineraries, getItinerary]);  react-hooks/set-state-in-effect

C:\Coding\Itinerary\frontend\src\app\dashboard\trips\page.tsx
  7:13  warning  'itineraries' is assigned a value but never used  @typescript-eslint/no-unused-vars

C:\Coding\Itinerary\frontend\src\app\view\[id]\page.tsx
  5:18  warning  'Clock' is defined but never used        @typescript-eslint/no-unused-vars
  5:40  warning  'ArrowRight' is defined but never used   @typescript-eslint/no-unused-vars
  5:52  warning  'CheckCircle' is defined but never used  @typescript-eslint/no-unused-vars
  5:81  warning  'Plus' is defined but never used         @typescript-eslint/no-unused-vars
  5:87  warning  'Minus' is defined but never used        @typescript-eslint/no-unused-vars
  8:34  warning  'Day' is defined but never used          @typescript-eslint/no-unused-vars
  8:39  warning  'Itinerary' is defined but never used    @typescript-eslint/no-unused-vars

C:\Coding\Itinerary\frontend\src\components\builder\ClientDetailsForm.tsx
  50:84  error  Unexpected any. Specify a different type  @typescript-eslint/no-explicit-any
  61:89  error  Unexpected any. Specify a different type  @typescript-eslint/no-explicit-any

C:\Coding\Itinerary\frontend\src\components\builder\DayBuilder.tsx
  38:17  error  Error: Cannot call impure function during render

`Date.now` is an impure function. Calling an impure function can produce unstable results that update unpredictably when the component happens to re-render. (https://react.dev/reference/rules/components-and-hooks-must-be-pure#components-and-hooks-must-be-idempotent).

C:\Coding\Itinerary\frontend\src\components\builder\DayBuilder.tsx:38:17
  36 |         const newDays = [...days];
  37 |         const newActivity: Activity = {
> 38 |             id: Date.now(),
     |                 ^^^^^^^^^^ Cannot call impure function
  39 |             time: "",
  40 |             duration: 1, // Default 1 hour
  41 |             title: "",  react-hooks/purity

C:\Coding\Itinerary\frontend\src\components\builder\ItineraryBuilderForm.tsx
   46:13  error    Error: Calling setState synchronously within an effect can trigger cascading renders

Effects are intended to synchronize state between React and external systems such as manually updating the DOM, state management libraries, or other platform APIs. In general, the body of an effect should do one or both of the following:
* Update external systems with the latest state from React.
* Subscribe for updates from some external system, calling setState in a callback function when external state changes.

Calling setState synchronously within an effect body causes cascading renders that can hurt performance, and is not recommended. (https://react.dev/learn/you-might-not-need-an-effect).

C:\Coding\Itinerary\frontend\src\components\builder\ItineraryBuilderForm.tsx:46:13
  44 |     useEffect(() => {
  45 |         if (initialData) {
> 46 |             setClientDetails({
     |             ^^^^^^^^^^^^^^^^ Avoid calling setState() directly within an effect
  47 |                 clientName: initialData.c || "",
  48 |                 age: initialData.age ? initialData.age.toString() : "",
  49 |                 contact: initialData.mobile || "",  react-hooks/set-state-in-effect
  100:13  error    Use "@ts-expect-error" instead of "@ts-ignore", as "@ts-ignore" will do nothing if the following line is error-free                                                                                                                                                                                                                                                                                                                                                                                                                                                                                                                                                                                                                                                                                                                                                                                                                                                                                                                                                                                                                                                                                 @typescript-eslint/ban-ts-comment
  103:27  warning  'parsed' is assigned a value but never used                                                                                                                                                                                                                                                                                                                                                                                                                                                                                                                                                                                                                                                                                                                                                                                                                                                                                                                                                                                                                                                                                                                                                         @typescript-eslint/no-unused-vars
  107:26  warning  'e' is defined but never used                                                                                                                                                                                                                                                                                                                                                                                                                                                                                                                                                                                                                                                                                                                                                                                                                                                                                                                                                                                                                                                                                                                                                                       @typescript-eslint/no-unused-vars
  125:13  error    Use "@ts-expect-error" instead of "@ts-ignore", as "@ts-ignore" will do nothing if the following line is error-free                                                                                                                                                                                                                                                                                                                                                                                                                                                                                                                                                                                                                                                                                                                                                                                                                                                                                                                                                                                                                                                                                 @typescript-eslint/ban-ts-comment
  130:8   warning  React Hook useEffect has missing dependencies: 'travelDetails.departure' and 'travelDetails.returnTrip'. Either include them or remove the dependency array. You can also replace multiple useState variables with useReducer if 'setTravelDetails' needs the current value of 'travelDetails.departure'                                                                                                                                                                                                                                                                                                                                                                                                                                                                                                                                                                                                                                                                                                                                                                                                                                                                                            react-hooks/exhaustive-deps
  137:9   error    Error: Calling setState synchronously within an effect can trigger cascading renders

Effects are intended to synchronize state between React and external systems such as manually updating the DOM, state management libraries, or other platform APIs. In general, the body of an effect should do one or both of the following:
* Update external systems with the latest state from React.
* Subscribe for updates from some external system, calling setState in a callback function when external state changes.

Calling setState synchronously within an effect body causes cascading renders that can hurt performance, and is not recommended. (https://react.dev/learn/you-might-not-need-an-effect).

C:\Coding\Itinerary\frontend\src\components\builder\ItineraryBuilderForm.tsx:137:9
  135 |     // Sync days count
  136 |     useEffect(() => {
> 137 |         setClientDetails(prev => ({
      |         ^^^^^^^^^^^^^^^^ Avoid calling setState() directly within an effect
  138 |             ...prev,
  139 |             days: days.length.toString()
  140 |         }));                                                                                               react-hooks/set-state-in-effect
  336:29  error    Unexpected any. Specify a different type                                                                                                                                                                                                                                                                                                                                                                                                                                                                                                                                                                                                                                                                                                                                                                                                                                                                                                                                                                                                                                                                                                                                                            @typescript-eslint/no-explicit-any

C:\Coding\Itinerary\frontend\src\components\builder\TravelDetails.tsx
  3:38  warning  'TrainFront' is defined but never used  @typescript-eslint/no-unused-vars

C:\Coding\Itinerary\frontend\src\components\client\DayTimeline.tsx
  26:27  warning  'type' is defined but never used  @typescript-eslint/no-unused-vars

C:\Coding\Itinerary\frontend\src\components\dashboard\ItineraryTable.tsx
  3:10  warning  'MoreHorizontal' is defined but never used  @typescript-eslint/no-unused-vars

C:\Coding\Itinerary\frontend\src\components\ui\Button.tsx
  37:34  warning  'asChild' is assigned a value but never used  @typescript-eslint/no-unused-vars

Γ£û 38 problems (21 errors, 17 warnings)

