
> frontend@0.1.0 lint
> eslint


C:\Coding\Itinerary\frontend\prisma\seed.ts
  384:32  error  Unexpected any. Specify a different type  @typescript-eslint/no-explicit-any

C:\Coding\Itinerary\frontend\src\app\api\itineraries\[id]\route.ts
  94:13  warning  'displayPrice' is assigned a value but never used  @typescript-eslint/no-unused-vars

C:\Coding\Itinerary\frontend\src\app\api\itineraries\route.ts
  22:56  error    Unexpected any. Specify a different type           @typescript-eslint/no-explicit-any
  52:13  warning  'displayPrice' is assigned a value but never used  @typescript-eslint/no-unused-vars
  91:54  error    Unexpected any. Specify a different type           @typescript-eslint/no-explicit-any
  94:63  error    Unexpected any. Specify a different type           @typescript-eslint/no-explicit-any

C:\Coding\Itinerary\frontend\src\app\dashboard\edit\[id]\page.tsx
  8:27  warning  'itineraries' is assigned a value but never used  @typescript-eslint/no-unused-vars

C:\Coding\Itinerary\frontend\src\app\view\[id]\page.tsx
  8:34  warning  'Day' is defined but never used        @typescript-eslint/no-unused-vars
  8:39  warning  'Itinerary' is defined but never used  @typescript-eslint/no-unused-vars

C:\Coding\Itinerary\frontend\src\components\builder\ItineraryBuilderForm.tsx
   46:13  error    Error: Calling setState synchronously within an effect can trigger cascading renders

Effects are intended to synchronize state between React and external systems such as manually updating the DOM, state management libraries, or other platform APIs. In general, the body of an effect should do one or both of the following:
* Update external systems with the latest state from React.
* Subscribe for updates from some external system, calling setState in a callback function when external state changes.

Calling setState synchronously within an effect body causes cascading renders that can hurt performance, and is not recommended. (https://react.dev/learn/you-might-not-need-an-effect).

C:\Coding\Itinerary\frontend\src\components\builder\ItineraryBuilderForm.tsx:46:13
  44 |     useEffect(() => {
  45 |         if (initialData) {
> 46 |             setClientDetails({
     |             ^^^^^^^^^^^^^^^^ Avoid calling setState() directly within an effect
  47 |                 clientName: initialData.c || "",
  48 |                 age: initialData.age ? initialData.age.toString() : "",
  49 |                 contact: initialData.mobile || "",  react-hooks/set-state-in-effect
  101:47  error    Unexpected any. Specify a different type                                                                                                                                                                                                                                                                                                                                                                                                                                                                                                                                                                                                                                                                                                                                                                                                                                                                                                                                                                                                                                                                                                                                                            @typescript-eslint/no-explicit-any
  104:27  warning  'parsed' is assigned a value but never used                                                                                                                                                                                                                                                                                                                                                                                                                                                                                                                                                                                                                                                                                                                                                                                                                                                                                                                                                                                                                                                                                                                                                         @typescript-eslint/no-unused-vars
  108:26  warning  'e' is defined but never used                                                                                                                                                                                                                                                                                                                                                                                                                                                                                                                                                                                                                                                                                                                                                                                                                                                                                                                                                                                                                                                                                                                                                                       @typescript-eslint/no-unused-vars
  130:8   warning  React Hook useEffect has missing dependencies: 'travelDetails.departure' and 'travelDetails.returnTrip'. Either include them or remove the dependency array. You can also replace multiple useState variables with useReducer if 'setTravelDetails' needs the current value of 'travelDetails.departure'                                                                                                                                                                                                                                                                                                                                                                                                                                                                                                                                                                                                                                                                                                                                                                                                                                                                                            react-hooks/exhaustive-deps
  331:29  error    Unexpected any. Specify a different type                                                                                                                                                                                                                                                                                                                                                                                                                                                                                                                                                                                                                                                                                                                                                                                                                                                                                                                                                                                                                                                                                                                                                            @typescript-eslint/no-explicit-any

C:\Coding\Itinerary\frontend\src\components\client\DayTimeline.tsx
  26:27  warning  'type' is defined but never used  @typescript-eslint/no-unused-vars

C:\Coding\Itinerary\frontend\src\components\ui\Button.tsx
  37:34  warning  'asChild' is assigned a value but never used  @typescript-eslint/no-unused-vars

Γ£û 17 problems (7 errors, 10 warnings)

