
> frontend@0.1.0 lint
> eslint


C:\Coding\Itinerary\frontend\src\app\api\itineraries\route.ts
  22:56  error  Unexpected any. Specify a different type  @typescript-eslint/no-explicit-any
  91:54  error  Unexpected any. Specify a different type  @typescript-eslint/no-explicit-any
  94:63  error  Unexpected any. Specify a different type  @typescript-eslint/no-explicit-any

C:\Coding\Itinerary\frontend\src\app\dashboard\edit\[id]\page.tsx
  8:27  warning  'itineraries' is assigned a value but never used  @typescript-eslint/no-unused-vars

C:\Coding\Itinerary\frontend\src\app\view\[id]\page.tsx
  8:34  warning  'Day' is defined but never used        @typescript-eslint/no-unused-vars
  8:39  warning  'Itinerary' is defined but never used  @typescript-eslint/no-unused-vars

C:\Coding\Itinerary\frontend\src\components\builder\ItineraryBuilderForm.tsx
    3:20  warning  'useEffect' is defined but never used     @typescript-eslint/no-unused-vars
   36:47  error    Unexpected any. Specify a different type  @typescript-eslint/no-explicit-any
   46:26  warning  'e' is defined but never used             @typescript-eslint/no-unused-vars
   52:58  error    Unexpected any. Specify a different type  @typescript-eslint/no-explicit-any
   53:58  error    Unexpected any. Specify a different type  @typescript-eslint/no-explicit-any
   69:47  error    Unexpected any. Specify a different type  @typescript-eslint/no-explicit-any
   74:26  warning  'e' is defined but never used             @typescript-eslint/no-unused-vars
   77:55  error    Unexpected any. Specify a different type  @typescript-eslint/no-explicit-any
   90:54  error    Unexpected any. Specify a different type  @typescript-eslint/no-explicit-any
  298:29  error    Unexpected any. Specify a different type  @typescript-eslint/no-explicit-any

C:\Coding\Itinerary\frontend\src\components\client\DayTimeline.tsx
  26:27  warning  'type' is defined but never used  @typescript-eslint/no-unused-vars

Γ£û 17 problems (10 errors, 7 warnings)

