
> frontend@0.1.0 lint
> eslint


C:\Coding\Itinerary\frontend\src\app\view\[id]\page.tsx
   5:18  warning  'Clock' is defined but never used        @typescript-eslint/no-unused-vars
   5:40  warning  'ArrowRight' is defined but never used   @typescript-eslint/no-unused-vars
   5:52  warning  'CheckCircle' is defined but never used  @typescript-eslint/no-unused-vars
   5:81  warning  'Plus' is defined but never used         @typescript-eslint/no-unused-vars
   5:87  warning  'Minus' is defined but never used        @typescript-eslint/no-unused-vars
  94:30  warning  'id' is defined but never used           @typescript-eslint/no-unused-vars

C:\Coding\Itinerary\frontend\src\components\builder\DayBuilder.tsx
  31:59  error  Error: Cannot call impure function during render

`Date.now` is an impure function. Calling an impure function can produce unstable results that update unpredictably when the component happens to re-render. (https://react.dev/reference/rules/components-and-hooks-must-be-pure#components-and-hooks-must-be-idempotent).

C:\Coding\Itinerary\frontend\src\components\builder\DayBuilder.tsx:31:59
  29 |         newDays[dayIndex] = {
  30 |             ...newDays[dayIndex],
> 31 |             activities: [...newDays[dayIndex].activities, Date.now()]
     |                                                           ^^^^^^^^^^ Cannot call impure function
  32 |         };
  33 |         setDays(newDays);
  34 |     };  react-hooks/purity

C:\Coding\Itinerary\frontend\src\components\client\ClientMap.tsx
   9:7   warning  'iconUrl' is assigned a value but never used        @typescript-eslint/no-unused-vars
  10:7   warning  'iconRetinaUrl' is assigned a value but never used  @typescript-eslint/no-unused-vars
  11:7   warning  'shadowUrl' is assigned a value but never used      @typescript-eslint/no-unused-vars
  59:45  error    Unexpected any. Specify a different type            @typescript-eslint/no-explicit-any
  60:39  error    Unexpected any. Specify a different type            @typescript-eslint/no-explicit-any
  61:33  error    Unexpected any. Specify a different type            @typescript-eslint/no-explicit-any
  62:37  error    Unexpected any. Specify a different type            @typescript-eslint/no-explicit-any
  63:31  error    Unexpected any. Specify a different type            @typescript-eslint/no-explicit-any

C:\Coding\Itinerary\frontend\src\components\client\DayTimeline.tsx
  26:27  warning  'type' is defined but never used  @typescript-eslint/no-unused-vars

C:\Coding\Itinerary\frontend\src\components\dashboard\ItineraryTable.tsx
  3:10  warning  'MoreHorizontal' is defined but never used  @typescript-eslint/no-unused-vars
  3:57  warning  'Trash2' is defined but never used          @typescript-eslint/no-unused-vars

C:\Coding\Itinerary\frontend\src\components\landing\FinalCTA.tsx
  13:24  error  `'` can be escaped with `&apos;`, `&lsquo;`, `&#39;`, `&rsquo;`  react/no-unescaped-entities
  13:87  error  `'` can be escaped with `&apos;`, `&lsquo;`, `&#39;`, `&rsquo;`  react/no-unescaped-entities

C:\Coding\Itinerary\frontend\src\components\ui\Button.tsx
  37:34  warning  'asChild' is assigned a value but never used  @typescript-eslint/no-unused-vars

C:\Coding\Itinerary\frontend\src\components\ui\Input.tsx
  4:18  error  An interface declaring no members is equivalent to its supertype  @typescript-eslint/no-empty-object-type

Γ£û 22 problems (9 errors, 13 warnings)

