
> frontend@0.1.0 lint
> eslint


C:\Coding\Itinerary\frontend\src\app\dashboard\page.tsx
  14:74  error  `'` can be escaped with `&apos;`, `&lsquo;`, `&#39;`, `&rsquo;`  react/no-unescaped-entities
  14:81  error  `'` can be escaped with `&apos;`, `&lsquo;`, `&#39;`, `&rsquo;`  react/no-unescaped-entities

C:\Coding\Itinerary\frontend\src\app\view\[id]\page.tsx
   5:18  warning  'Clock' is defined but never used        @typescript-eslint/no-unused-vars
   5:40  warning  'ArrowRight' is defined but never used   @typescript-eslint/no-unused-vars
   5:52  warning  'CheckCircle' is defined but never used  @typescript-eslint/no-unused-vars
   5:81  warning  'Plus' is defined but never used         @typescript-eslint/no-unused-vars
   5:87  warning  'Minus' is defined but never used        @typescript-eslint/no-unused-vars
  94:30  warning  'id' is defined but never used           @typescript-eslint/no-unused-vars

C:\Coding\Itinerary\frontend\src\components\builder\ClientDetailsForm.tsx
  6:15  error  Unexpected any. Specify a different type  @typescript-eslint/no-explicit-any

C:\Coding\Itinerary\frontend\src\components\builder\DayBuilder.tsx
  29:43  error  Error: Cannot call impure function during render

`Date.now` is an impure function. Calling an impure function can produce unstable results that update unpredictably when the component happens to re-render. (https://react.dev/reference/rules/components-and-hooks-must-be-pure#components-and-hooks-must-be-idempotent).

C:\Coding\Itinerary\frontend\src\components\builder\DayBuilder.tsx:29:43
  27 |     const addActivity = (dayIndex: number) => {
  28 |         const newDays = [...days];
> 29 |         newDays[dayIndex].activities.push(Date.now());
     |                                           ^^^^^^^^^^ Cannot call impure function
  30 |         setDays(newDays);
  31 |     };
  32 |  react-hooks/purity

C:\Coding\Itinerary\frontend\src\components\client\ClientMap.tsx
  66:45  error  Unexpected any. Specify a different type  @typescript-eslint/no-explicit-any
  67:39  error  Unexpected any. Specify a different type  @typescript-eslint/no-explicit-any
  68:33  error  Unexpected any. Specify a different type  @typescript-eslint/no-explicit-any
  69:37  error  Unexpected any. Specify a different type  @typescript-eslint/no-explicit-any
  70:31  error  Unexpected any. Specify a different type  @typescript-eslint/no-explicit-any

C:\Coding\Itinerary\frontend\src\components\client\DayTimeline.tsx
  26:27  warning  'type' is defined but never used  @typescript-eslint/no-unused-vars

C:\Coding\Itinerary\frontend\src\components\dashboard\ItineraryTable.tsx
  3:10  warning  'MoreHorizontal' is defined but never used  @typescript-eslint/no-unused-vars
  3:57  warning  'Trash2' is defined but never used          @typescript-eslint/no-unused-vars

C:\Coding\Itinerary\frontend\src\components\landing\FinalCTA.tsx
  13:24  error  `'` can be escaped with `&apos;`, `&lsquo;`, `&#39;`, `&rsquo;`  react/no-unescaped-entities
  13:87  error  `'` can be escaped with `&apos;`, `&lsquo;`, `&#39;`, `&rsquo;`  react/no-unescaped-entities

C:\Coding\Itinerary\frontend\src\components\ui\Button.tsx
  37:34  warning  'asChild' is assigned a value but never used  @typescript-eslint/no-unused-vars

C:\Coding\Itinerary\frontend\src\components\ui\Input.tsx
  4:18  error  An interface declaring no members is equivalent to its supertype  @typescript-eslint/no-empty-object-type

C:\Coding\Itinerary\frontend\src\context\ItineraryContext.tsx
   3:58  warning  'useEffect' is defined but never used     @typescript-eslint/no-unused-vars
  12:18  error    Unexpected any. Specify a different type  @typescript-eslint/no-explicit-any

Γ£û 24 problems (13 errors, 11 warnings)

