C:\Coding\Itinerary\frontend\node_modules\ts-node\src\index.ts:859
    return new TSError(diagnosticText, diagnosticCodes, diagnostics);
           ^
TSError: Γ¿» Unable to compile TypeScript:
prisma/seed.ts:266:13 - error TS2322: Type '{ c: string; destination: string; status: string; dateRange: string; age: number; days: number; email: string; mobile: string; origin: string; from: string; to: string; totalDays: number; itineraryDays: { ...; }; }' is not assignable to type '(Without<ItineraryCreateInput, ItineraryUncheckedCreateInput> & ItineraryUncheckedCreateInput) | (Without<...> & ItineraryCreateInput)'.
  Type '{ c: string; destination: string; status: string; dateRange: string; age: number; days: number; email: string; mobile: string; origin: string; from: string; to: string; totalDays: number; itineraryDays: { ...; }; }' is not assignable to type 'Without<ItineraryUncheckedCreateInput, ItineraryCreateInput> & ItineraryCreateInput'.
    Property 'client' is missing in type '{ c: string; destination: string; status: string; dateRange: string; age: number; days: number; email: string; mobile: string; origin: string; from: string; to: string; totalDays: number; itineraryDays: { ...; }; }' but required in type 'ItineraryCreateInput'.

266             data: itinerary,
                ~~~~

  node_modules/.prisma/client/index.d.ts:4950:5
    4950     client: string
             ~~~~~~
    'client' is declared here.
  node_modules/.prisma/client/index.d.ts:2141:5
    2141     data: XOR<ItineraryCreateInput, ItineraryUncheckedCreateInput>
             ~~~~
    The expected type comes from property 'data' which is declared here on type '{ select?: ItinerarySelect<DefaultArgs> | null | undefined; omit?: ItineraryOmit<DefaultArgs> | null | undefined; include?: ItineraryInclude<...> | ... 1 more ... | undefined; data: (Without<...> & ItineraryUncheckedCreateInput) | (Without<...> & ItineraryCreateInput); }'

    at createTSError (C:\Coding\Itinerary\frontend\node_modules\ts-node\src\index.ts:859:12)
    at reportTSError (C:\Coding\Itinerary\frontend\node_modules\ts-node\src\index.ts:863:19)
    at getOutput (C:\Coding\Itinerary\frontend\node_modules\ts-node\src\index.ts:1077:36)
    at Object.compile (C:\Coding\Itinerary\frontend\node_modules\ts-node\src\index.ts:1433:41)
    at Module.m._compile (C:\Coding\Itinerary\frontend\node_modules\ts-node\src\index.ts:1617:30)
    at node:internal/modules/cjs/loader:1893:10
    at Object.require.extensions.<computed> [as .ts] (C:\Coding\Itinerary\frontend\node_modules\ts-node\src\index.ts:1621:12)
    at Module.load (node:internal/modules/cjs/loader:1481:32)
    at Module._load (node:internal/modules/cjs/loader:1300:12)
    at TracingChannel.traceSync (node:diagnostics_channel:328:14) {
  diagnosticCodes: [ 2322 ]
}
